<?xml version="1.0" encoding="UTF-8"?>
<testsuite xmlns:xsi="http://www.w3.org/2001/XMLSchema-instance" xsi:noNamespaceSchemaLocation="https://maven.apache.org/surefire/maven-surefire-plugin/xsd/surefire-test-report-3.0.xsd" version="3.0" name="TestRun.TestRun" time="42.628" tests="3" errors="0" skipped="0" failures="0">
  <properties>
[...]
</properties>
  <testcase name="User should login successfully with valid credential" classname="User login" time="8.083">
    <system-out><![CDATA[
Scenario: User should login successfully with valid credential # src/test/java/Features/login.feature:4
  Given Load SignIn page                                       # StepDef.login.load_sign_in_page()
  When Enter username and password                             # StepDef.login.enter_username_and_password()
  Then User should be in home page                             # StepDef.login.user_should_be_in_home_page()
]]></system-out>
    <system-err><![CDATA[Mar 04, 2025 12:08:46 PM org.openqa.selenium.devtools.CdpVersionFinder findNearestMatch
WARNING: Unable to find an exact match for CDP version 133, returning the closest version; found: 131; Please update to a Selenium version that supports CDP version 133
Mar 04, 2025 12:08:52 PM org.openqa.selenium.remote.http.WebSocket$Listener onError
WARNING: Connection reset
java.net.SocketException: Connection reset
	at java.base/sun.nio.ch.SocketChannelImpl.throwConnectionReset(SocketChannelImpl.java:394)
	at java.base/sun.nio.ch.SocketChannelImpl.read(SocketChannelImpl.java:426)
	at java.net.http/jdk.internal.net.http.SocketTube.readAvailable(SocketTube.java:1170)
	at java.net.http/jdk.internal.net.http.SocketTube$InternalReadPublisher$InternalReadSubscription.read(SocketTube.java:833)
	at java.net.http/jdk.internal.net.http.SocketTube$SocketFlowTask.run(SocketTube.java:181)
	at java.net.http/jdk.internal.net.http.common.SequentialScheduler$SchedulableTask.run(SequentialScheduler.java:230)
	at java.net.http/jdk.internal.net.http.common.SequentialScheduler.runOrSchedule(SequentialScheduler.java:303)
	at java.net.http/jdk.internal.net.http.common.SequentialScheduler.runOrSchedule(SequentialScheduler.java:256)
	at java.net.http/jdk.internal.net.http.SocketTube$InternalReadPublisher$InternalReadSubscription.signalReadable(SocketTube.java:774)
	at java.net.http/jdk.internal.net.http.SocketTube$InternalReadPublisher$ReadEvent.signalEvent(SocketTube.java:957)
	at java.net.http/jdk.internal.net.http.SocketTube$SocketFlowEvent.handle(SocketTube.java:253)
	at java.net.http/jdk.internal.net.http.HttpClientImpl$SelectorManager.handleEvent(HttpClientImpl.java:979)
	at java.net.http/jdk.internal.net.http.HttpClientImpl$SelectorManager.lambda$run$3(HttpClientImpl.java:934)
	at java.base/java.util.ArrayList.forEach(ArrayList.java:1511)
	at java.net.http/jdk.internal.net.http.HttpClientImpl$SelectorManager.run(HttpClientImpl.java:934)

]]></system-err>
  </testcase>
  <testcase name="Regsiter a patient" classname="User login" time="16.188">
    <system-out><![CDATA[
Scenario: Regsiter a patient                                  # src/test/java/Features/login.feature:12
  Given Load SignIn page                                      # StepDef.login.load_sign_in_page()
  When Enter username and password                            # StepDef.login.enter_username_and_password()
  And User should be in home page                             # StepDef.login.user_should_be_in_home_page()
  And Clicks on Register a patient                            # StepDef.login.clicks_on_register_a_patient()
  And Enter demographics informations                         # StepDef.login.enter_demographics_informations()
  And Enter contactinfo                                       # StepDef.login.enter_contactinfo()
  And Enter retaionships                                      # StepDef.login.enter_retaionships()
  Then Clicks on confirm Patient should register successfully # StepDef.login.clicks_on_confirm_patient_should_register_successfully()
]]></system-out>
    <system-err><![CDATA[Mar 04, 2025 12:08:53 PM org.openqa.selenium.devtools.CdpVersionFinder findNearestMatch
WARNING: Unable to find an exact match for CDP version 133, returning the closest version; found: 131; Please update to a Selenium version that supports CDP version 133
]]></system-err>
  </testcase>
  <testcase name="Update a patient" classname="User login" time="17.876">
    <system-out><![CDATA[
Scenario: Update a patient                                           # src/test/java/Features/login.feature:24
  Given Load SignIn page                                             # StepDef.login.load_sign_in_page()
  When Enter username and password                                   # StepDef.login.enter_username_and_password()
  And User should be in home page                                    # StepDef.login.user_should_be_in_home_page()
  And Clicks on Find Patient Record                                  # StepDef.login.clicks_on_find_patient_record()
  And Enter search by name                                           # StepDef.login.enter_search_by_name()
  And Select search patient                                          # StepDef.login.select_search_patient()
  And Clicks on edit                                                 # StepDef.login.clicks_on_edit()
  And Update patient name and save                                   # StepDef.login.update_patient_name_and_save()
  Then Clicks on confirm and patient name should update successfully # StepDef.login.clicks_on_confirm_and_patient_name_should_update_successfully()
]]></system-out>
    <system-err><![CDATA[Mar 04, 2025 12:09:10 PM org.openqa.selenium.devtools.CdpVersionFinder findNearestMatch
WARNING: Unable to find an exact match for CDP version 133, returning the closest version; found: 131; Please update to a Selenium version that supports CDP version 133
Mar 04, 2025 12:09:26 PM org.openqa.selenium.remote.http.WebSocket$Listener onError
WARNING: Connection reset
java.net.SocketException: Connection reset
	at java.base/sun.nio.ch.SocketChannelImpl.throwConnectionReset(SocketChannelImpl.java:394)
	at java.base/sun.nio.ch.SocketChannelImpl.read(SocketChannelImpl.java:426)
	at java.net.http/jdk.internal.net.http.SocketTube.readAvailable(SocketTube.java:1170)
	at java.net.http/jdk.internal.net.http.SocketTube$InternalReadPublisher$InternalReadSubscription.read(SocketTube.java:833)
	at java.net.http/jdk.internal.net.http.SocketTube$SocketFlowTask.run(SocketTube.java:181)
	at java.net.http/jdk.internal.net.http.common.SequentialScheduler$SchedulableTask.run(SequentialScheduler.java:230)
	at java.net.http/jdk.internal.net.http.common.SequentialScheduler.runOrSchedule(SequentialScheduler.java:303)
	at java.net.http/jdk.internal.net.http.common.SequentialScheduler.runOrSchedule(SequentialScheduler.java:256)
	at java.net.http/jdk.internal.net.http.SocketTube$InternalReadPublisher$InternalReadSubscription.signalReadable(SocketTube.java:774)
	at java.net.http/jdk.internal.net.http.SocketTube$InternalReadPublisher$ReadEvent.signalEvent(SocketTube.java:957)
	at java.net.http/jdk.internal.net.http.SocketTube$SocketFlowEvent.handle(SocketTube.java:253)
	at java.net.http/jdk.internal.net.http.HttpClientImpl$SelectorManager.handleEvent(HttpClientImpl.java:979)
	at java.net.http/jdk.internal.net.http.HttpClientImpl$SelectorManager.lambda$run$3(HttpClientImpl.java:934)
	at java.base/java.util.ArrayList.forEach(ArrayList.java:1511)
	at java.net.http/jdk.internal.net.http.HttpClientImpl$SelectorManager.run(HttpClientImpl.java:934)

]]></system-err>
  </testcase>
</testsuite>